Running in Lattice mode


Starting:    C:\lscc\iCEcube2.2020.12\synpbase\bin64\mbin\synbatch.exe
Install:     C:\lscc\iCEcube2.2020.12\synpbase
Hostname:    VINI-WIN-LAPTOP
Date:        Fri Jun 13 23:44:06 2025
Version:     L-2016.09L+ice40

Arguments:   -product synplify_pro -batch Led_Toggle_syn.prj
ProductType: synplify_pro





log file: "C:\Users\vinic\Desktop\fpga\ch02\LED_Toggle\Led_Toggle\Led_Toggle_Implmnt\Led_Toggle.srr"
Running: Led_Toggle_Implmnt in foreground

Running Led_Toggle_syn|Led_Toggle_Implmnt

Running: compile (Compile) on Led_Toggle_syn|Led_Toggle_Implmnt
# Fri Jun 13 23:44:06 2025

Running: compile_flow (Compile Process) on Led_Toggle_syn|Led_Toggle_Implmnt
# Fri Jun 13 23:44:06 2025

Running: compiler (Compile Input) on Led_Toggle_syn|Led_Toggle_Implmnt
# Fri Jun 13 23:44:06 2025
Copied C:\Users\vinic\Desktop\fpga\ch02\LED_Toggle\Led_Toggle\Led_Toggle_Implmnt\synwork\Led_Toggle_comp.srs to C:\Users\vinic\Desktop\fpga\ch02\LED_Toggle\Led_Toggle\Led_Toggle_Implmnt\Led_Toggle.srs

compiler completed
# Fri Jun 13 23:44:08 2025

Return Code: 0
Run Time:00h:00m:02s

Running: multi_srs_gen (Multi-srs Generator) on Led_Toggle_syn|Led_Toggle_Implmnt
# Fri Jun 13 23:44:08 2025

multi_srs_gen completed
# Fri Jun 13 23:44:08 2025

Return Code: 0
Run Time:00h:00m:00s
Copied C:\Users\vinic\Desktop\fpga\ch02\LED_Toggle\Led_Toggle\Led_Toggle_Implmnt\synwork\Led_Toggle_mult.srs to C:\Users\vinic\Desktop\fpga\ch02\LED_Toggle\Led_Toggle\Led_Toggle_Implmnt\Led_Toggle.srs
Complete: Compile Process on Led_Toggle_syn|Led_Toggle_Implmnt

Running: premap (Pre-mapping) on Led_Toggle_syn|Led_Toggle_Implmnt
# Fri Jun 13 23:44:08 2025

premap completed
# Fri Jun 13 23:44:08 2025

Return Code: 0
Run Time:00h:00m:00s
Complete: Compile on Led_Toggle_syn|Led_Toggle_Implmnt

Running: map (Map) on Led_Toggle_syn|Led_Toggle_Implmnt
# Fri Jun 13 23:44:08 2025
License granted for 4 parallel jobs

Running: fpga_mapper (Map & Optimize) on Led_Toggle_syn|Led_Toggle_Implmnt
# Fri Jun 13 23:44:08 2025
Copied C:\Users\vinic\Desktop\fpga\ch02\LED_Toggle\Led_Toggle\Led_Toggle_Implmnt\synwork\Led_Toggle_m.srm to C:\Users\vinic\Desktop\fpga\ch02\LED_Toggle\Led_Toggle\Led_Toggle_Implmnt\Led_Toggle.srm

fpga_mapper completed with warnings
# Fri Jun 13 23:44:09 2025

Return Code: 1
Run Time:00h:00m:01s
Complete: Map on Led_Toggle_syn|Led_Toggle_Implmnt
Complete: Logic Synthesis on Led_Toggle_syn|Led_Toggle_Implmnt

exit status=0

exit status=0

