* ******************************************************************************

* iCEcube Report

* Version:            2020.12.27943

* Build Date:         Dec  9 2020 17:31:51

* File Generated:     Jun 7 2025 22:19:16

* Purpose:            General info of design implementation

* Copyright (C) 2006-2010 by Lattice Semiconductor Corp. All rights reserved.

* ******************************************************************************

Synthesis/Placement Summary:
----------------------------
    Status:  Successful
    Runtime: 0 seconds

Device Info:
------------
    Device Family: iCE40
    Device:        iCE40HX8K
    Package:       CB132

Design statistics:
------------------
    FFs:                  0
    LUTs:                 1
    RAMs:                 0
    IOBs:                 6
    GBs:                  0
    PLLs:                 0
    Warm Boots:           0

Logic Resource Utilization:
---------------------------
    Total Logic Cells: 1/7680
        Combinational Logic Cells: 1        out of   7680      0.0130208%
        Sequential Logic Cells:    0        out of   7680      0%
        Logic Tiles:               1        out of   960       0.104167%
    Registers: 
        Logic Registers:           0        out of   7680      0%
        IO Registers:              0        out of   1280      0
    Block RAMs:                    0        out of   32        0%
    Warm Boots:                    0        out of   1         0%
    Pins:
        Input Pins:                2        out of   95        2.10526%
        Output Pins:               4        out of   95        4.21053%
        InOut Pins:                0        out of   95        0%
    Global Buffers:                0        out of   8         0%
    PLLs:                          0        out of   2         0%

IO Bank Utilization:
--------------------
    Bank 3: 0        out of   24        0%
    Bank 1: 4        out of   25        16%
    Bank 0: 1        out of   24        4.16667%
    Bank 2: 1        out of   22        4.54545%

Detailed I/O Info:
------------------
    Input Pins: 
    Pin Number  Direction  IO Standard  Pull Up  IO Bank  IO Function    Signal Name 
    ----------  ---------  -----------  -------  -------  -----------    ----------- 
    A10         Input      SB_LVCMOS    No       0        Simple Input   i_Switch_2  
    P8          Input      SB_LVCMOS    No       2        Simple Input   i_Switch_1  

    Output Pins: 
    Pin Number  Direction  IO Standard  Pull Up  IO Bank  IO Function    Signal Name 
    ----------  ---------  -----------  -------  -------  -----------    ----------- 
    G12         Output     SB_LVCMOS    No       1        Simple Output  o_LED_3     
    H12         Output     SB_LVCMOS    No       1        Simple Output  o_LED_4     
    J11         Output     SB_LVCMOS    No       1        Simple Output  o_LED_1     
    K11         Output     SB_LVCMOS    No       1        Simple Output  o_LED_2     

